---------------------------------------
Begin PBS Prologue Fri Oct 22 14:12:46 EDT 2021
Job ID:     201798.sched-coc-ice.pace.gatech.edu
User ID:    sannavajjala6
Job name:   conda_example
Queue:      coc-ice-gpu
End PBS Prologue Fri Oct 22 14:12:46 EDT 2021
---------------------------------------
Started on atl1-1-01-002-1.pace.gatech.edu
2021-10-22 14:12:50,755 | root | INFO | sample.py:<module>:52 | PyTorch version: 1.10.0
2021-10-22 14:12:50,755 | root | INFO | sample.py:<module>:52 | PyTorch version: 1.10.0
2021-10-22 14:12:50,755 | root | INFO | sample.py:<module>:52 | PyTorch version: 1.10.0
2021-10-22 14:12:50,755 | root | INFO | sample.py:<module>:52 | PyTorch version: 1.10.0
2021-10-22 14:12:50,755 | root | INFO | sample.py:<module>:52 | PyTorch version: 1.10.0
2021-10-22 14:12:50,755 | root | INFO | sample.py:<module>:52 | PyTorch version: 1.10.0
2021-10-22 14:12:50,756 | root | INFO | sample.py:<module>:52 | PyTorch version: 1.10.0
2021-10-22 14:12:50,756 | root | INFO | sample.py:<module>:52 | PyTorch version: 1.10.0
2021-10-22 14:12:50,756 | root | INFO | sample.py:<module>:52 | PyTorch version: 1.10.0
2021-10-22 14:12:50,756 | root | INFO | sample.py:<module>:52 | PyTorch version: 1.10.0
---------------------------------------
Begin PBS Epilogue Fri Oct 22 14:12:50 EDT 2021
Job ID:     201798.sched-coc-ice.pace.gatech.edu
User ID:    sannavajjala6
Job name:   conda_example
Resources:  nodes=1:ppn=10,pmem=5gb,walltime=00:15:00,neednodes=1:ppn=10
Rsrc Used:  cput=00:00:02,vmem=0kb,walltime=00:00:04,mem=0kb,energy_used=0
Queue:      coc-ice-gpu
Nodes:     
atl1-1-01-002-1.pace.gatech.edu
End PBS Epilogue Fri Oct 22 14:12:50 EDT 2021
---------------------------------------
